1744502665.984187 client started (139524): version 3.2a, socket /tmp/tmux-1000/default, protocol 8
1744502665.984216 on Linux 6.8.0-57-generic #59~22.04.1-Ubuntu SMP PREEMPT_DYNAMIC Wed Mar 19 17:07:41 UTC 2
1744502665.984221 using libevent 2.1.12-stable (poll); ncurses 6.3
1744502665.984238 flags are 0x18010000
1744502665.984242 socket is /tmp/tmux-1000/default
1744502665.984256 trying connect
1744502665.984326 add peer 0x5f6072492a00: 6 ((nil))
1744502665.984715 sending message 100 to peer 0x5f6072492a00 (4 bytes)
1744502665.984725 sending message 111 to peer 0x5f6072492a00 (8 bytes)
1744502665.984729 sending message 101 to peer 0x5f6072492a00 (15 bytes)
1744502665.984733 sending message 109 to peer 0x5f6072492a00 (4 bytes)
1744502665.984736 sending message 102 to peer 0x5f6072492a00 (11 bytes)
1744502665.984739 sending message 108 to peer 0x5f6072492a00 (29 bytes)
1744502665.984743 sending message 112 to peer 0x5f6072492a00 (58 bytes)
1744502665.984747 sending message 112 to peer 0x5f6072492a00 (5 bytes)
1744502665.984750 sending message 112 to peer 0x5f6072492a00 (5 bytes)
1744502665.984754 sending message 112 to peer 0x5f6072492a00 (6 bytes)
1744502665.984757 sending message 112 to peer 0x5f6072492a00 (6 bytes)
1744502665.984761 sending message 112 to peer 0x5f6072492a00 (11 bytes)
1744502665.984764 sending message 112 to peer 0x5f6072492a00 (10 bytes)
1744502665.984767 sending message 112 to peer 0x5f6072492a00 (13 bytes)
1744502665.984771 sending message 112 to peer 0x5f6072492a00 (14 bytes)
1744502665.984774 sending message 112 to peer 0x5f6072492a00 (19 bytes)
1744502665.984777 sending message 112 to peer 0x5f6072492a00 (11 bytes)
1744502665.984781 sending message 112 to peer 0x5f6072492a00 (10 bytes)
1744502665.984784 sending message 112 to peer 0x5f6072492a00 (15 bytes)
1744502665.984787 sending message 112 to peer 0x5f6072492a00 (21 bytes)
1744502665.984791 sending message 112 to peer 0x5f6072492a00 (13 bytes)
1744502665.984795 sending message 112 to peer 0x5f6072492a00 (7 bytes)
1744502665.984798 sending message 112 to peer 0x5f6072492a00 (13 bytes)
1744502665.984802 sending message 112 to peer 0x5f6072492a00 (7 bytes)
1744502665.984805 sending message 112 to peer 0x5f6072492a00 (13 bytes)
1744502665.984808 sending message 112 to peer 0x5f6072492a00 (9 bytes)
1744502665.984812 sending message 112 to peer 0x5f6072492a00 (21 bytes)
1744502665.984815 sending message 112 to peer 0x5f6072492a00 (13 bytes)
1744502665.984819 sending message 112 to peer 0x5f6072492a00 (9 bytes)
1744502665.984822 sending message 112 to peer 0x5f6072492a00 (16 bytes)
1744502665.984825 sending message 112 to peer 0x5f6072492a00 (13 bytes)
1744502665.984829 sending message 112 to peer 0x5f6072492a00 (9 bytes)
1744502665.984832 sending message 112 to peer 0x5f6072492a00 (9 bytes)
1744502665.984836 sending message 112 to peer 0x5f6072492a00 (12 bytes)
1744502665.984839 sending message 112 to peer 0x5f6072492a00 (8 bytes)
1744502665.984842 sending message 112 to peer 0x5f6072492a00 (8 bytes)
1744502665.984846 sending message 112 to peer 0x5f6072492a00 (13 bytes)
1744502665.984849 sending message 112 to peer 0x5f6072492a00 (7 bytes)
1744502665.984852 sending message 112 to peer 0x5f6072492a00 (7 bytes)
1744502665.984856 sending message 112 to peer 0x5f6072492a00 (9 bytes)
1744502665.984859 sending message 112 to peer 0x5f6072492a00 (9 bytes)
1744502665.984862 sending message 112 to peer 0x5f6072492a00 (15 bytes)
1744502665.984866 sending message 112 to peer 0x5f6072492a00 (13 bytes)
1744502665.984869 sending message 112 to peer 0x5f6072492a00 (12 bytes)
1744502665.984873 sending message 112 to peer 0x5f6072492a00 (8 bytes)
1744502665.984876 sending message 112 to peer 0x5f6072492a00 (14 bytes)
1744502665.984879 sending message 112 to peer 0x5f6072492a00 (11 bytes)
1744502665.984883 sending message 112 to peer 0x5f6072492a00 (9 bytes)
1744502665.984886 sending message 112 to peer 0x5f6072492a00 (10 bytes)
1744502665.984890 sending message 112 to peer 0x5f6072492a00 (10 bytes)
1744502665.984893 sending message 112 to peer 0x5f6072492a00 (10 bytes)
1744502665.984906 sending message 112 to peer 0x5f6072492a00 (10 bytes)
1744502665.984909 sending message 112 to peer 0x5f6072492a00 (11 bytes)
1744502665.984913 sending message 112 to peer 0x5f6072492a00 (12 bytes)
1744502665.984916 sending message 112 to peer 0x5f6072492a00 (12 bytes)
1744502665.984919 sending message 112 to peer 0x5f6072492a00 (12 bytes)
1744502665.984923 sending message 112 to peer 0x5f6072492a00 (12 bytes)
1744502665.984926 sending message 112 to peer 0x5f6072492a00 (12 bytes)
1744502665.984930 sending message 112 to peer 0x5f6072492a00 (11 bytes)
1744502665.984933 sending message 112 to peer 0x5f6072492a00 (11 bytes)
1744502665.984937 sending message 112 to peer 0x5f6072492a00 (12 bytes)
1744502665.984940 sending message 112 to peer 0x5f6072492a00 (12 bytes)
1744502665.984943 sending message 112 to peer 0x5f6072492a00 (12 bytes)
1744502665.984947 sending message 112 to peer 0x5f6072492a00 (12 bytes)
1744502665.984950 sending message 112 to peer 0x5f6072492a00 (12 bytes)
1744502665.984953 sending message 112 to peer 0x5f6072492a00 (9 bytes)
1744502665.984957 sending message 112 to peer 0x5f6072492a00 (12 bytes)
1744502665.984960 sending message 112 to peer 0x5f6072492a00 (13 bytes)
1744502665.984963 sending message 112 to peer 0x5f6072492a00 (13 bytes)
1744502665.984967 sending message 112 to peer 0x5f6072492a00 (13 bytes)
1744502665.984970 sending message 112 to peer 0x5f6072492a00 (13 bytes)
1744502665.984974 sending message 112 to peer 0x5f6072492a00 (13 bytes)
1744502665.984977 sending message 112 to peer 0x5f6072492a00 (8 bytes)
1744502665.984980 sending message 112 to peer 0x5f6072492a00 (11 bytes)
1744502665.984984 sending message 112 to peer 0x5f6072492a00 (11 bytes)
1744502665.984987 sending message 112 to peer 0x5f6072492a00 (11 bytes)
1744502665.984990 sending message 112 to peer 0x5f6072492a00 (12 bytes)
1744502665.984994 sending message 112 to peer 0x5f6072492a00 (12 bytes)
1744502665.984997 sending message 112 to peer 0x5f6072492a00 (12 bytes)
1744502665.985001 sending message 112 to peer 0x5f6072492a00 (12 bytes)
1744502665.985004 sending message 112 to peer 0x5f6072492a00 (13 bytes)
1744502665.985007 sending message 112 to peer 0x5f6072492a00 (13 bytes)
1744502665.985011 sending message 112 to peer 0x5f6072492a00 (13 bytes)
1744502665.985014 sending message 112 to peer 0x5f6072492a00 (8 bytes)
1744502665.985018 sending message 112 to peer 0x5f6072492a00 (13 bytes)
1744502665.985021 sending message 112 to peer 0x5f6072492a00 (13 bytes)
1744502665.985024 sending message 112 to peer 0x5f6072492a00 (13 bytes)
1744502665.985027 sending message 112 to peer 0x5f6072492a00 (13 bytes)
1744502665.985030 sending message 112 to peer 0x5f6072492a00 (13 bytes)
1744502665.985033 sending message 112 to peer 0x5f6072492a00 (12 bytes)
1744502665.985036 sending message 112 to peer 0x5f6072492a00 (12 bytes)
1744502665.985038 sending message 112 to peer 0x5f6072492a00 (12 bytes)
1744502665.985041 sending message 112 to peer 0x5f6072492a00 (12 bytes)
1744502665.985043 sending message 112 to peer 0x5f6072492a00 (13 bytes)
1744502665.985046 sending message 112 to peer 0x5f6072492a00 (8 bytes)
1744502665.985048 sending message 112 to peer 0x5f6072492a00 (13 bytes)
1744502665.985051 sending message 112 to peer 0x5f6072492a00 (13 bytes)
1744502665.985053 sending message 112 to peer 0x5f6072492a00 (13 bytes)
1744502665.985056 sending message 112 to peer 0x5f6072492a00 (13 bytes)
1744502665.985058 sending message 112 to peer 0x5f6072492a00 (13 bytes)
1744502665.985061 sending message 112 to peer 0x5f6072492a00 (13 bytes)
1744502665.985063 sending message 112 to peer 0x5f6072492a00 (13 bytes)
1744502665.985066 sending message 112 to peer 0x5f6072492a00 (12 bytes)
1744502665.985068 sending message 112 to peer 0x5f6072492a00 (12 bytes)
1744502665.985071 sending message 112 to peer 0x5f6072492a00 (12 bytes)
1744502665.985073 sending message 112 to peer 0x5f6072492a00 (8 bytes)
1744502665.985076 sending message 112 to peer 0x5f6072492a00 (12 bytes)
1744502665.985079 sending message 112 to peer 0x5f6072492a00 (13 bytes)
1744502665.985085 sending message 112 to peer 0x5f6072492a00 (13 bytes)
1744502665.985087 sending message 112 to peer 0x5f6072492a00 (13 bytes)
1744502665.985090 sending message 112 to peer 0x5f6072492a00 (13 bytes)
1744502665.985092 sending message 112 to peer 0x5f6072492a00 (13 bytes)
1744502665.985095 sending message 112 to peer 0x5f6072492a00 (13 bytes)
1744502665.985097 sending message 112 to peer 0x5f6072492a00 (13 bytes)
1744502665.985100 sending message 112 to peer 0x5f6072492a00 (13 bytes)
1744502665.985102 sending message 112 to peer 0x5f6072492a00 (12 bytes)
1744502665.985105 sending message 112 to peer 0x5f6072492a00 (10 bytes)
1744502665.985107 sending message 112 to peer 0x5f6072492a00 (12 bytes)
1744502665.985110 sending message 112 to peer 0x5f6072492a00 (12 bytes)
1744502665.985112 sending message 112 to peer 0x5f6072492a00 (12 bytes)
1744502665.985115 sending message 112 to peer 0x5f6072492a00 (13 bytes)
1744502665.985117 sending message 112 to peer 0x5f6072492a00 (13 bytes)
1744502665.985120 sending message 112 to peer 0x5f6072492a00 (13 bytes)
1744502665.985122 sending message 112 to peer 0x5f6072492a00 (13 bytes)
1744502665.985124 sending message 112 to peer 0x5f6072492a00 (13 bytes)
1744502665.985127 sending message 112 to peer 0x5f6072492a00 (13 bytes)
1744502665.985129 sending message 112 to peer 0x5f6072492a00 (13 bytes)
1744502665.985132 sending message 112 to peer 0x5f6072492a00 (10 bytes)
1744502665.985134 sending message 112 to peer 0x5f6072492a00 (13 bytes)
1744502665.985137 sending message 112 to peer 0x5f6072492a00 (12 bytes)
1744502665.985139 sending message 112 to peer 0x5f6072492a00 (12 bytes)
1744502665.985142 sending message 112 to peer 0x5f6072492a00 (12 bytes)
1744502665.985144 sending message 112 to peer 0x5f6072492a00 (10 bytes)
1744502665.985147 sending message 112 to peer 0x5f6072492a00 (10 bytes)
1744502665.985149 sending message 112 to peer 0x5f6072492a00 (10 bytes)
1744502665.985152 sending message 112 to peer 0x5f6072492a00 (12 bytes)
1744502665.985154 sending message 112 to peer 0x5f6072492a00 (13 bytes)
1744502665.985157 sending message 112 to peer 0x5f6072492a00 (13 bytes)
1744502665.985159 sending message 112 to peer 0x5f6072492a00 (13 bytes)
1744502665.985162 sending message 112 to peer 0x5f6072492a00 (13 bytes)
1744502665.985164 sending message 112 to peer 0x5f6072492a00 (13 bytes)
1744502665.985166 sending message 112 to peer 0x5f6072492a00 (10 bytes)
1744502665.985169 sending message 112 to peer 0x5f6072492a00 (11 bytes)
1744502665.985171 sending message 112 to peer 0x5f6072492a00 (12 bytes)
1744502665.985174 sending message 112 to peer 0x5f6072492a00 (12 bytes)
1744502665.985176 sending message 112 to peer 0x5f6072492a00 (12 bytes)
1744502665.985179 sending message 112 to peer 0x5f6072492a00 (12 bytes)
1744502665.985181 sending message 112 to peer 0x5f6072492a00 (12 bytes)
1744502665.985184 sending message 112 to peer 0x5f6072492a00 (11 bytes)
1744502665.985186 sending message 112 to peer 0x5f6072492a00 (12 bytes)
1744502665.985189 sending message 112 to peer 0x5f6072492a00 (12 bytes)
1744502665.985191 sending message 112 to peer 0x5f6072492a00 (13 bytes)
1744502665.985194 sending message 112 to peer 0x5f6072492a00 (13 bytes)
1744502665.985196 sending message 112 to peer 0x5f6072492a00 (13 bytes)
1744502665.985199 sending message 112 to peer 0x5f6072492a00 (13 bytes)
1744502665.985201 sending message 112 to peer 0x5f6072492a00 (13 bytes)
1744502665.985203 sending message 112 to peer 0x5f6072492a00 (10 bytes)
1744502665.985206 sending message 112 to peer 0x5f6072492a00 (9 bytes)
1744502665.985208 sending message 112 to peer 0x5f6072492a00 (12 bytes)
1744502665.985211 sending message 112 to peer 0x5f6072492a00 (13 bytes)
1744502665.985214 sending message 112 to peer 0x5f6072492a00 (13 bytes)
1744502665.985216 sending message 112 to peer 0x5f6072492a00 (13 bytes)
1744502665.985218 sending message 112 to peer 0x5f6072492a00 (13 bytes)
1744502665.985221 sending message 112 to peer 0x5f6072492a00 (13 bytes)
1744502665.985223 sending message 112 to peer 0x5f6072492a00 (9 bytes)
1744502665.985230 sending message 112 to peer 0x5f6072492a00 (12 bytes)
1744502665.985232 sending message 112 to peer 0x5f6072492a00 (13 bytes)
1744502665.985235 sending message 112 to peer 0x5f6072492a00 (13 bytes)
1744502665.985237 sending message 112 to peer 0x5f6072492a00 (13 bytes)
1744502665.985240 sending message 112 to peer 0x5f6072492a00 (13 bytes)
1744502665.985242 sending message 112 to peer 0x5f6072492a00 (13 bytes)
1744502665.985245 sending message 112 to peer 0x5f6072492a00 (11 bytes)
1744502665.985247 sending message 112 to peer 0x5f6072492a00 (12 bytes)
1744502665.985249 sending message 112 to peer 0x5f6072492a00 (13 bytes)
1744502665.985252 sending message 112 to peer 0x5f6072492a00 (13 bytes)
1744502665.985263 sending message 112 to peer 0x5f6072492a00 (13 bytes)
1744502665.985266 sending message 112 to peer 0x5f6072492a00 (13 bytes)
1744502665.985269 sending message 112 to peer 0x5f6072492a00 (13 bytes)
1744502665.985271 sending message 112 to peer 0x5f6072492a00 (11 bytes)
1744502665.985274 sending message 112 to peer 0x5f6072492a00 (12 bytes)
1744502665.985276 sending message 112 to peer 0x5f6072492a00 (12 bytes)
1744502665.985278 sending message 112 to peer 0x5f6072492a00 (12 bytes)
1744502665.985281 sending message 112 to peer 0x5f6072492a00 (12 bytes)
1744502665.985283 sending message 112 to peer 0x5f6072492a00 (12 bytes)
1744502665.985285 sending message 112 to peer 0x5f6072492a00 (21 bytes)
1744502665.985288 sending message 112 to peer 0x5f6072492a00 (12 bytes)
1744502665.985290 sending message 112 to peer 0x5f6072492a00 (9 bytes)
1744502665.985293 sending message 112 to peer 0x5f6072492a00 (6 bytes)
1744502665.985295 sending message 112 to peer 0x5f6072492a00 (13 bytes)
1744502665.985297 sending message 112 to peer 0x5f6072492a00 (10 bytes)
1744502665.985300 sending message 112 to peer 0x5f6072492a00 (24 bytes)
1744502665.985305 sending message 112 to peer 0x5f6072492a00 (13 bytes)
1744502665.985308 sending message 112 to peer 0x5f6072492a00 (9 bytes)
1744502665.985310 sending message 112 to peer 0x5f6072492a00 (70 bytes)
1744502665.985312 sending message 112 to peer 0x5f6072492a00 (69 bytes)
1744502665.985315 sending message 112 to peer 0x5f6072492a00 (12 bytes)
1744502665.985317 sending message 112 to peer 0x5f6072492a00 (10 bytes)
1744502665.985320 sending message 112 to peer 0x5f6072492a00 (10 bytes)
1744502665.985322 sending message 112 to peer 0x5f6072492a00 (24 bytes)
1744502665.985324 sending message 112 to peer 0x5f6072492a00 (13 bytes)
1744502665.985327 sending message 112 to peer 0x5f6072492a00 (10 bytes)
1744502665.985329 sending message 112 to peer 0x5f6072492a00 (10 bytes)
1744502665.985331 sending message 112 to peer 0x5f6072492a00 (10 bytes)
1744502665.985334 sending message 112 to peer 0x5f6072492a00 (13 bytes)
1744502665.985336 sending message 112 to peer 0x5f6072492a00 (15 bytes)
1744502665.985339 sending message 112 to peer 0x5f6072492a00 (5 bytes)
1744502665.985342 sending message 104 to peer 0x5f6072492a00 (0 bytes)
1744502665.985347 sending message 110 to peer 0x5f6072492a00 (0 bytes)
1744502665.985350 sending message 107 to peer 0x5f6072492a00 (4 bytes)
1744502665.985353 sending message 105 to peer 0x5f6072492a00 (16 bytes)
1744502665.985355 sending message 105 to peer 0x5f6072492a00 (80 bytes)
1744502665.985358 sending message 105 to peer 0x5f6072492a00 (19 bytes)
1744502665.985360 sending message 105 to peer 0x5f6072492a00 (19 bytes)
1744502665.985363 sending message 105 to peer 0x5f6072492a00 (14 bytes)
1744502665.985365 sending message 105 to peer 0x5f6072492a00 (20 bytes)
1744502665.985367 sending message 105 to peer 0x5f6072492a00 (79 bytes)
1744502665.985370 sending message 105 to peer 0x5f6072492a00 (58 bytes)
1744502665.985372 sending message 105 to peer 0x5f6072492a00 (19 bytes)
1744502665.985375 sending message 105 to peer 0x5f6072492a00 (10 bytes)
1744502665.985377 sending message 105 to peer 0x5f6072492a00 (23 bytes)
1744502665.985379 sending message 105 to peer 0x5f6072492a00 (20 bytes)
1744502665.985382 sending message 105 to peer 0x5f6072492a00 (47 bytes)
1744502665.985390 sending message 105 to peer 0x5f6072492a00 (50 bytes)
1744502665.985392 sending message 105 to peer 0x5f6072492a00 (20 bytes)
1744502665.985395 sending message 105 to peer 0x5f6072492a00 (23 bytes)
1744502665.985397 sending message 105 to peer 0x5f6072492a00 (24 bytes)
1744502665.985400 sending message 105 to peer 0x5f6072492a00 (19 bytes)
1744502665.985402 sending message 105 to peer 0x5f6072492a00 (77 bytes)
1744502665.985404 sending message 105 to peer 0x5f6072492a00 (16 bytes)
1744502665.985407 sending message 105 to peer 0x5f6072492a00 (15 bytes)
1744502665.985409 sending message 105 to peer 0x5f6072492a00 (33 bytes)
1744502665.985411 sending message 105 to peer 0x5f6072492a00 (24 bytes)
1744502665.985414 sending message 105 to peer 0x5f6072492a00 (16 bytes)
1744502665.985416 sending message 105 to peer 0x5f6072492a00 (21 bytes)
1744502665.985419 sending message 105 to peer 0x5f6072492a00 (52 bytes)
1744502665.985421 sending message 105 to peer 0x5f6072492a00 (22 bytes)
1744502665.985423 sending message 105 to peer 0x5f6072492a00 (37 bytes)
1744502665.985426 sending message 105 to peer 0x5f6072492a00 (90 bytes)
1744502665.985430 sending message 105 to peer 0x5f6072492a00 (19 bytes)
1744502665.985433 sending message 105 to peer 0x5f6072492a00 (18 bytes)
1744502665.985435 sending message 105 to peer 0x5f6072492a00 (33 bytes)
1744502665.985438 sending message 105 to peer 0x5f6072492a00 (21 bytes)
1744502665.985440 sending message 105 to peer 0x5f6072492a00 (17 bytes)
1744502665.985443 sending message 105 to peer 0x5f6072492a00 (1519 bytes)
1744502665.985457 sending message 105 to peer 0x5f6072492a00 (24 bytes)
1744502665.985460 sending message 105 to peer 0x5f6072492a00 (28 bytes)
1744502665.985463 sending message 105 to peer 0x5f6072492a00 (33 bytes)
1744502665.985465 sending message 105 to peer 0x5f6072492a00 (13 bytes)
1744502665.985468 sending message 105 to peer 0x5f6072492a00 (52 bytes)
1744502665.985470 sending message 105 to peer 0x5f6072492a00 (23 bytes)
1744502665.985473 sending message 105 to peer 0x5f6072492a00 (23 bytes)
1744502665.985475 sending message 105 to peer 0x5f6072492a00 (21 bytes)
1744502665.985478 sending message 105 to peer 0x5f6072492a00 (14 bytes)
1744502665.985480 sending message 105 to peer 0x5f6072492a00 (34 bytes)
1744502665.985483 sending message 105 to peer 0x5f6072492a00 (23 bytes)
1744502665.985485 sending message 105 to peer 0x5f6072492a00 (20 bytes)
1744502665.985488 sending message 105 to peer 0x5f6072492a00 (30 bytes)
1744502665.985490 sending message 105 to peer 0x5f6072492a00 (32 bytes)
1744502665.985493 sending message 105 to peer 0x5f6072492a00 (13 bytes)
1744502665.985495 sending message 105 to peer 0x5f6072492a00 (18 bytes)
1744502665.985498 sending message 105 to peer 0x5f6072492a00 (15 bytes)
1744502665.985500 sending message 105 to peer 0x5f6072492a00 (620 bytes)
1744502665.985503 sending message 105 to peer 0x5f6072492a00 (22 bytes)
1744502665.985505 sending message 105 to peer 0x5f6072492a00 (50 bytes)
1744502665.985508 sending message 105 to peer 0x5f6072492a00 (11 bytes)
1744502665.985510 sending message 105 to peer 0x5f6072492a00 (8 bytes)
1744502665.985513 sending message 105 to peer 0x5f6072492a00 (25 bytes)
1744502665.985515 sending message 105 to peer 0x5f6072492a00 (18 bytes)
1744502665.985518 sending message 105 to peer 0x5f6072492a00 (27 bytes)
1744502665.985520 sending message 105 to peer 0x5f6072492a00 (11 bytes)
1744502665.985523 sending message 105 to peer 0x5f6072492a00 (17 bytes)
1744502665.985525 sending message 105 to peer 0x5f6072492a00 (17 bytes)
1744502665.985527 sending message 105 to peer 0x5f6072492a00 (31 bytes)
1744502665.985530 sending message 105 to peer 0x5f6072492a00 (20 bytes)
1744502665.985533 sending message 105 to peer 0x5f6072492a00 (30 bytes)
1744502665.985540 sending message 105 to peer 0x5f6072492a00 (29 bytes)
1744502665.985545 sending message 105 to peer 0x5f6072492a00 (30 bytes)
1744502665.985547 sending message 105 to peer 0x5f6072492a00 (83 bytes)
1744502665.985550 sending message 105 to peer 0x5f6072492a00 (22 bytes)
1744502665.985559 sending message 105 to peer 0x5f6072492a00 (122 bytes)
1744502665.985561 sending message 105 to peer 0x5f6072492a00 (54 bytes)
1744502665.985564 sending message 105 to peer 0x5f6072492a00 (28 bytes)
1744502665.985567 sending message 105 to peer 0x5f6072492a00 (23 bytes)
1744502665.985569 sending message 105 to peer 0x5f6072492a00 (31 bytes)
1744502665.985572 sending message 105 to peer 0x5f6072492a00 (31 bytes)
1744502665.985574 sending message 105 to peer 0x5f6072492a00 (16 bytes)
1744502665.985577 sending message 106 to peer 0x5f6072492a00 (0 bytes)
1744502665.985581 sending message 200 to peer 0x5f6072492a00 (4 bytes)
1744502665.985584 client loop enter
1744502665.988581 peer 0x5f6072492a00 message 207
1744502665.988591 sending message 208 to peer 0x5f6072492a00 (0 bytes)
1744502668.216876 peer 0x5f6072492a00 message 201
1744502668.216900 sending message 205 to peer 0x5f6072492a00 (0 bytes)
1744502668.217374 peer 0x5f6072492a00 message 204
1744502668.217384 client loop exit
